{"level":"info","message":"Conectado ao servidor MongoDB","timestamp":"2024-09-18T22:18:37.949Z"}
{"buffer":{"data":[102,235,81,189,143,69,70,148,17,210,75,141],"type":"Buffer"},"level":"info","message":"Novo item inserido com o id:","timestamp":"2024-09-18T22:18:37.980Z"}
{"0":{"_id":"66eb51bd8f45469411d24b8d","date":"2024-09-18T22:18:37.958Z","description":"Descrição do item 1","name":"item1","value":100},"level":"info","message":"Itens encontrados:","timestamp":"2024-09-18T22:18:37.984Z"}
{"level":"info","message":"Item atualizado com sucesso.","timestamp":"2024-09-18T22:18:37.988Z"}
{"0":{"_id":"66eb51bd8f45469411d24b8d","date":"2024-09-18T22:18:37.958Z","description":"Descrição do item 1","name":"item1","value":150},"level":"info","message":"Itens encontrados:","timestamp":"2024-09-18T22:18:37.993Z"}
{"level":"info","message":"Item excluído com sucesso.","timestamp":"2024-09-18T22:18:37.998Z"}
{"level":"info","message":"Itens encontrados:","timestamp":"2024-09-18T22:18:38.000Z"}
{"level":"info","message":"Conectado ao servidor MongoDB","timestamp":"2024-09-18T22:46:15.014Z"}
{"buffer":{"data":[102,235,88,55,240,37,226,32,192,86,106,84],"type":"Buffer"},"level":"info","message":"Novo item inserido com o id:","timestamp":"2024-09-18T22:46:15.027Z"}
{"0":{"_id":"66eb5837f025e220c0566a54","date":"2024-09-18T22:46:15.017Z","description":"Descrição do item 1","name":"item1","value":100},"level":"info","message":"Itens encontrados:","timestamp":"2024-09-18T22:46:15.031Z"}
{"level":"info","message":"Item atualizado com sucesso.","timestamp":"2024-09-18T22:46:15.033Z"}
{"0":{"_id":"66eb5837f025e220c0566a54","date":"2024-09-18T22:46:15.017Z","description":"Descrição do item 1","name":"item1","value":150},"level":"info","message":"Itens encontrados:","timestamp":"2024-09-18T22:46:15.035Z"}
{"level":"info","message":"Item excluído com sucesso.","timestamp":"2024-09-18T22:46:15.039Z"}
{"level":"info","message":"Itens encontrados:","timestamp":"2024-09-18T22:46:15.040Z"}
{"level":"info","message":"Conectado ao servidor MongoDB","timestamp":"2024-09-18T22:55:18.980Z"}
{"level":"info","message":"Servidor rodando na porta 3000","timestamp":"2024-09-18T22:55:18.996Z"}
{"level":"info","message":"Conectado ao servidor MongoDB","timestamp":"2024-09-18T22:57:54.289Z"}
{"level":"info","message":"Conectado ao servidor MongoDB","timestamp":"2024-09-18T23:00:21.933Z"}
{"level":"info","message":"Servidor rodando na porta 3000","timestamp":"2024-09-18T23:00:21.940Z"}
{"level":"info","message":"Servidor rodando na porta 3000","timestamp":"2024-09-18T23:04:03.700Z"}
{"level":"info","message":"Conectado ao servidor MongoDB","timestamp":"2024-09-18T23:10:25.908Z"}
{"level":"info","message":"Servidor rodando na porta 3000","timestamp":"2024-09-18T23:10:25.915Z"}
{"buffer":{"data":[102,235,98,211,203,98,144,113,151,132,219,102],"type":"Buffer"},"level":"info","message":"Novo item inserido com o id:","timestamp":"2024-09-18T23:31:31.273Z"}
{"buffer":{"data":[102,235,100,28,203,98,144,113,151,132,219,103],"type":"Buffer"},"level":"info","message":"Novo item inserido com o id:","timestamp":"2024-09-18T23:37:00.542Z"}
{"buffer":{"data":[102,235,102,249,203,98,144,113,151,132,219,104],"type":"Buffer"},"level":"info","message":"Novo item inserido com o id:","timestamp":"2024-09-18T23:49:13.845Z"}
{"level":"info","message":"Item atualizado com sucesso.","timestamp":"2024-09-18T23:50:07.037Z"}
{"level":"info","message":"Item excluído com sucesso.","timestamp":"2024-09-18T23:50:45.400Z"}
{"buffer":{"data":[102,235,103,178,203,98,144,113,151,132,219,105],"type":"Buffer"},"level":"info","message":"Novo item inserido com o id:","timestamp":"2024-09-18T23:52:18.453Z"}
{"buffer":{"data":[102,235,104,54,203,98,144,113,151,132,219,106],"type":"Buffer"},"level":"info","message":"Novo item inserido com o id:","timestamp":"2024-09-18T23:54:30.485Z"}
{"level":"info","message":"Item atualizado com sucesso.","timestamp":"2024-09-18T23:54:56.775Z"}
{"level":"info","message":"Item excluído com sucesso.","timestamp":"2024-09-18T23:55:13.840Z"}
{"buffer":{"data":[102,235,104,160,203,98,144,113,151,132,219,107],"type":"Buffer"},"level":"info","message":"Novo item inserido com o id:","timestamp":"2024-09-18T23:56:16.419Z"}
{"level":"info","message":"Item atualizado com sucesso.","timestamp":"2024-09-18T23:56:57.111Z"}
{"level":"info","message":"Item excluído com sucesso.","timestamp":"2024-09-18T23:57:28.591Z"}
{"level":"info","message":"Conectado ao servidor MongoDB","timestamp":"2024-09-19T03:02:31.097Z"}
{"level":"info","message":"Servidor rodando na porta 3000","timestamp":"2024-09-19T03:02:31.106Z"}
{"level":"info","message":"Conectado ao servidor MongoDB","timestamp":"2024-09-19T03:03:09.689Z"}
{"level":"info","message":"Servidor rodando na porta 3000","timestamp":"2024-09-19T03:03:09.695Z"}
{"level":"info","message":"Item atualizado com sucesso.","timestamp":"2024-09-19T03:04:02.317Z"}
{"level":"info","message":"Conectado ao servidor MongoDB","timestamp":"2024-09-19T13:26:36.051Z"}
{"level":"info","message":"Servidor rodando na porta 3000","timestamp":"2024-09-19T13:26:36.057Z"}
{"buffer":{"data":[102,236,39,39,214,98,226,167,58,87,202,94],"type":"Buffer"},"level":"info","message":"Novo item inserido com o id:","timestamp":"2024-09-19T13:29:11.399Z"}
{"level":"info","message":"Item excluído com sucesso.","timestamp":"2024-09-19T13:31:46.997Z"}
{"level":"info","message":"Item atualizado com sucesso.","timestamp":"2024-09-19T13:32:01.043Z"}
{"level":"info","message":"Conectado ao servidor MongoDB","timestamp":"2024-09-19T13:49:51.476Z"}
{"level":"info","message":"Servidor rodando na porta 3000","timestamp":"2024-09-19T13:49:51.483Z"}
{"0":{"_id":"66eb6836cb6290719784db6a","date":"2024-09-18T23:54:30.484Z","description":"Descrição atualizada","name":"item1","value":150},"1":{"_id":"66eb68a0cb6290719784db6b","date":"2024-09-18T23:56:16.418Z","description":"Descrição do item 1","name":"item1","value":100},"2":{"_id":"66ec2727d662e2a73a57ca5e","date":"2024-09-19T13:29:11.391Z","description":"Descrição do item 1","name":"item1","value":100},"level":"info","message":"Itens encontrados:","timestamp":"2024-09-19T13:49:55.796Z"}
{"buffer":{"data":[102,236,44,67,24,148,153,179,110,91,17,249],"type":"Buffer"},"level":"info","message":"Novo item inserido com o id:","timestamp":"2024-09-19T13:50:59.281Z"}
{"buffer":{"data":[102,236,44,170,24,148,153,179,110,91,17,250],"type":"Buffer"},"level":"info","message":"Novo item inserido com o id:","timestamp":"2024-09-19T13:52:42.789Z"}
{"level":"error","message":"Erro ao atualizar item: Class constructor ObjectId cannot be invoked without 'new'","stack":"TypeError: Class constructor ObjectId cannot be invoked without 'new'\n    at C:\\Users\\Lucas\\Desktop\\meu_crud_mongo\\app.js.js:109:58\n    at Layer.handle [as handle_request] (C:\\Users\\Lucas\\Desktop\\meu_crud_mongo\\node_modules\\express\\lib\\router\\layer.js:95:5)\n    at next (C:\\Users\\Lucas\\Desktop\\meu_crud_mongo\\node_modules\\express\\lib\\router\\route.js:149:13)\n    at middleware (C:\\Users\\Lucas\\Desktop\\meu_crud_mongo\\node_modules\\express-validator\\lib\\middlewares\\check.js:16:13)\n    at process.processTicksAndRejections (node:internal/process/task_queues:95:5)","timestamp":"2024-09-19T13:54:03.883Z"}
{"level":"error","message":"Erro ao atualizar item: Class constructor ObjectId cannot be invoked without 'new'","stack":"TypeError: Class constructor ObjectId cannot be invoked without 'new'\n    at C:\\Users\\Lucas\\Desktop\\meu_crud_mongo\\app.js.js:109:58\n    at Layer.handle [as handle_request] (C:\\Users\\Lucas\\Desktop\\meu_crud_mongo\\node_modules\\express\\lib\\router\\layer.js:95:5)\n    at next (C:\\Users\\Lucas\\Desktop\\meu_crud_mongo\\node_modules\\express\\lib\\router\\route.js:149:13)\n    at middleware (C:\\Users\\Lucas\\Desktop\\meu_crud_mongo\\node_modules\\express-validator\\lib\\middlewares\\check.js:16:13)\n    at process.processTicksAndRejections (node:internal/process/task_queues:95:5)","timestamp":"2024-09-19T13:54:13.704Z"}
{"level":"error","message":"Erro ao atualizar item: Class constructor ObjectId cannot be invoked without 'new'","stack":"TypeError: Class constructor ObjectId cannot be invoked without 'new'\n    at C:\\Users\\Lucas\\Desktop\\meu_crud_mongo\\app.js.js:109:58\n    at Layer.handle [as handle_request] (C:\\Users\\Lucas\\Desktop\\meu_crud_mongo\\node_modules\\express\\lib\\router\\layer.js:95:5)\n    at next (C:\\Users\\Lucas\\Desktop\\meu_crud_mongo\\node_modules\\express\\lib\\router\\route.js:149:13)\n    at middleware (C:\\Users\\Lucas\\Desktop\\meu_crud_mongo\\node_modules\\express-validator\\lib\\middlewares\\check.js:16:13)\n    at process.processTicksAndRejections (node:internal/process/task_queues:95:5)","timestamp":"2024-09-19T13:54:31.538Z"}
{"level":"error","message":"Erro ao atualizar item: Class constructor ObjectId cannot be invoked without 'new'","stack":"TypeError: Class constructor ObjectId cannot be invoked without 'new'\n    at C:\\Users\\Lucas\\Desktop\\meu_crud_mongo\\app.js.js:109:58\n    at Layer.handle [as handle_request] (C:\\Users\\Lucas\\Desktop\\meu_crud_mongo\\node_modules\\express\\lib\\router\\layer.js:95:5)\n    at next (C:\\Users\\Lucas\\Desktop\\meu_crud_mongo\\node_modules\\express\\lib\\router\\route.js:149:13)\n    at middleware (C:\\Users\\Lucas\\Desktop\\meu_crud_mongo\\node_modules\\express-validator\\lib\\middlewares\\check.js:16:13)\n    at process.processTicksAndRejections (node:internal/process/task_queues:95:5)","timestamp":"2024-09-19T13:57:04.610Z"}
{"level":"error","message":"Erro ao atualizar item: Class constructor ObjectId cannot be invoked without 'new'","stack":"TypeError: Class constructor ObjectId cannot be invoked without 'new'\n    at C:\\Users\\Lucas\\Desktop\\meu_crud_mongo\\app.js.js:109:58\n    at Layer.handle [as handle_request] (C:\\Users\\Lucas\\Desktop\\meu_crud_mongo\\node_modules\\express\\lib\\router\\layer.js:95:5)\n    at next (C:\\Users\\Lucas\\Desktop\\meu_crud_mongo\\node_modules\\express\\lib\\router\\route.js:149:13)\n    at middleware (C:\\Users\\Lucas\\Desktop\\meu_crud_mongo\\node_modules\\express-validator\\lib\\middlewares\\check.js:16:13)\n    at process.processTicksAndRejections (node:internal/process/task_queues:95:5)","timestamp":"2024-09-19T13:57:41.374Z"}
{"level":"error","message":"Erro ao excluir item: Class constructor ObjectId cannot be invoked without 'new'","stack":"TypeError: Class constructor ObjectId cannot be invoked without 'new'\n    at C:\\Users\\Lucas\\Desktop\\meu_crud_mongo\\app.js.js:127:58\n    at Layer.handle [as handle_request] (C:\\Users\\Lucas\\Desktop\\meu_crud_mongo\\node_modules\\express\\lib\\router\\layer.js:95:5)\n    at next (C:\\Users\\Lucas\\Desktop\\meu_crud_mongo\\node_modules\\express\\lib\\router\\route.js:149:13)\n    at Route.dispatch (C:\\Users\\Lucas\\Desktop\\meu_crud_mongo\\node_modules\\express\\lib\\router\\route.js:119:3)\n    at Layer.handle [as handle_request] (C:\\Users\\Lucas\\Desktop\\meu_crud_mongo\\node_modules\\express\\lib\\router\\layer.js:95:5)\n    at C:\\Users\\Lucas\\Desktop\\meu_crud_mongo\\node_modules\\express\\lib\\router\\index.js:284:15\n    at param (C:\\Users\\Lucas\\Desktop\\meu_crud_mongo\\node_modules\\express\\lib\\router\\index.js:365:14)\n    at param (C:\\Users\\Lucas\\Desktop\\meu_crud_mongo\\node_modules\\express\\lib\\router\\index.js:376:14)\n    at Function.process_params (C:\\Users\\Lucas\\Desktop\\meu_crud_mongo\\node_modules\\express\\lib\\router\\index.js:421:3)\n    at next (C:\\Users\\Lucas\\Desktop\\meu_crud_mongo\\node_modules\\express\\lib\\router\\index.js:280:10)","timestamp":"2024-09-19T13:58:10.875Z"}
{"level":"error","message":"Erro ao atualizar item: Class constructor ObjectId cannot be invoked without 'new'","stack":"TypeError: Class constructor ObjectId cannot be invoked without 'new'\n    at C:\\Users\\Lucas\\Desktop\\meu_crud_mongo\\app.js.js:109:58\n    at Layer.handle [as handle_request] (C:\\Users\\Lucas\\Desktop\\meu_crud_mongo\\node_modules\\express\\lib\\router\\layer.js:95:5)\n    at next (C:\\Users\\Lucas\\Desktop\\meu_crud_mongo\\node_modules\\express\\lib\\router\\route.js:149:13)\n    at middleware (C:\\Users\\Lucas\\Desktop\\meu_crud_mongo\\node_modules\\express-validator\\lib\\middlewares\\check.js:16:13)\n    at process.processTicksAndRejections (node:internal/process/task_queues:95:5)","timestamp":"2024-09-19T14:00:05.828Z"}
{"level":"error","message":"Erro ao excluir item: Class constructor ObjectId cannot be invoked without 'new'","stack":"TypeError: Class constructor ObjectId cannot be invoked without 'new'\n    at C:\\Users\\Lucas\\Desktop\\meu_crud_mongo\\app.js.js:127:58\n    at Layer.handle [as handle_request] (C:\\Users\\Lucas\\Desktop\\meu_crud_mongo\\node_modules\\express\\lib\\router\\layer.js:95:5)\n    at next (C:\\Users\\Lucas\\Desktop\\meu_crud_mongo\\node_modules\\express\\lib\\router\\route.js:149:13)\n    at Route.dispatch (C:\\Users\\Lucas\\Desktop\\meu_crud_mongo\\node_modules\\express\\lib\\router\\route.js:119:3)\n    at Layer.handle [as handle_request] (C:\\Users\\Lucas\\Desktop\\meu_crud_mongo\\node_modules\\express\\lib\\router\\layer.js:95:5)\n    at C:\\Users\\Lucas\\Desktop\\meu_crud_mongo\\node_modules\\express\\lib\\router\\index.js:284:15\n    at param (C:\\Users\\Lucas\\Desktop\\meu_crud_mongo\\node_modules\\express\\lib\\router\\index.js:365:14)\n    at param (C:\\Users\\Lucas\\Desktop\\meu_crud_mongo\\node_modules\\express\\lib\\router\\index.js:376:14)\n    at Function.process_params (C:\\Users\\Lucas\\Desktop\\meu_crud_mongo\\node_modules\\express\\lib\\router\\index.js:421:3)\n    at next (C:\\Users\\Lucas\\Desktop\\meu_crud_mongo\\node_modules\\express\\lib\\router\\index.js:280:10)","timestamp":"2024-09-19T14:00:50.264Z"}
{"0":{"_id":"66eb6836cb6290719784db6a","date":"2024-09-18T23:54:30.484Z","description":"Descrição atualizada","name":"item1","value":150},"1":{"_id":"66eb68a0cb6290719784db6b","date":"2024-09-18T23:56:16.418Z","description":"Descrição do item 1","name":"item1","value":100},"2":{"_id":"66ec2727d662e2a73a57ca5e","date":"2024-09-19T13:29:11.391Z","description":"Descrição do item 1","name":"item1","value":100},"3":{"_id":"66ec2c43189499b36e5b11f9","date":"2024-09-19T13:50:59.278Z","description":"Descrição do item 1","name":"item1","value":100},"4":{"_id":"66ec2caa189499b36e5b11fa","date":"2024-09-19T13:52:42.787Z","description":"Descrição do item 1","name":"item1","value":100},"level":"info","message":"Itens encontrados:","timestamp":"2024-09-19T14:01:20.399Z"}
{"level":"info","message":"Servidor rodando na porta 3000","timestamp":"2024-09-19T14:06:07.882Z"}
{"level":"info","message":"Servidor rodando na porta 3000","timestamp":"2024-09-19T14:07:21.763Z"}
{"level":"info","message":"Conectado ao servidor MongoDB","timestamp":"2024-09-19T14:09:17.194Z"}
{"buffer":{"data":[102,236,48,141,222,255,216,138,9,23,3,238],"type":"Buffer"},"level":"info","message":"Novo item inserido com o id:","timestamp":"2024-09-19T14:09:17.205Z"}
{"level":"info","message":"Conectado ao servidor MongoDB","timestamp":"2024-09-19T14:10:03.461Z"}
{"0":{"_id":"66eb6836cb6290719784db6a","date":"2024-09-18T23:54:30.484Z","description":"Descrição atualizada","name":"item1","value":150},"1":{"_id":"66eb68a0cb6290719784db6b","date":"2024-09-18T23:56:16.418Z","description":"Descrição do item 1","name":"item1","value":100},"2":{"_id":"66ec2727d662e2a73a57ca5e","date":"2024-09-19T13:29:11.391Z","description":"Descrição do item 1","name":"item1","value":100},"3":{"_id":"66ec2c43189499b36e5b11f9","date":"2024-09-19T13:50:59.278Z","description":"Descrição do item 1","name":"item1","value":100},"4":{"_id":"66ec2caa189499b36e5b11fa","date":"2024-09-19T13:52:42.787Z","description":"Descrição do item 1","name":"item1","value":100},"5":{"_id":"66ec308ddeffd88a091703ee","date":"2024-09-19T14:09:17.195Z","description":"Descrição do item 1","name":"item1","value":100},"level":"info","message":"Itens encontrados:","timestamp":"2024-09-19T14:10:03.465Z"}
{"level":"info","message":"Conectado ao servidor MongoDB","timestamp":"2024-09-19T14:11:37.518Z"}
{"level":"error","message":"Erro ao atualizar item: input must be a 24 character hex string, 12 byte Uint8Array, or an integer","stack":"BSONError: input must be a 24 character hex string, 12 byte Uint8Array, or an integer\n    at new ObjectId (C:\\Users\\Lucas\\Desktop\\meu_crud_mongo\\node_modules\\bson\\lib\\bson.cjs:2362:23)\n    at C:\\Users\\Lucas\\Desktop\\meu_crud_mongo\\app.js.js:95:58\n    at process.processTicksAndRejections (node:internal/process/task_queues:95:5)","timestamp":"2024-09-19T14:11:37.519Z"}
{"level":"info","message":"Conectado ao servidor MongoDB","timestamp":"2024-09-19T14:22:31.383Z"}
{"buffer":{"data":[102,236,51,167,222,255,216,138,9,23,3,239],"type":"Buffer"},"level":"info","message":"Novo item inserido com o id:","timestamp":"2024-09-19T14:22:31.385Z"}
{"level":"info","message":"Conectado ao servidor MongoDB","timestamp":"2024-09-19T14:23:20.525Z"}
{"0":{"_id":"66eb6836cb6290719784db6a","date":"2024-09-18T23:54:30.484Z","description":"Descrição atualizada","name":"item1","value":150},"1":{"_id":"66eb68a0cb6290719784db6b","date":"2024-09-18T23:56:16.418Z","description":"Descrição do item 1","name":"item1","value":100},"2":{"_id":"66ec2727d662e2a73a57ca5e","date":"2024-09-19T13:29:11.391Z","description":"Descrição do item 1","name":"item1","value":100},"3":{"_id":"66ec2c43189499b36e5b11f9","date":"2024-09-19T13:50:59.278Z","description":"Descrição do item 1","name":"item1","value":100},"4":{"_id":"66ec2caa189499b36e5b11fa","date":"2024-09-19T13:52:42.787Z","description":"Descrição do item 1","name":"item1","value":100},"5":{"_id":"66ec308ddeffd88a091703ee","date":"2024-09-19T14:09:17.195Z","description":"Descrição do item 1","name":"item1","value":100},"6":{"_id":"66ec33a7deffd88a091703ef","date":"2024-09-19T14:22:31.384Z","description":"Descrição do item 1","name":"item1","value":100},"level":"info","message":"Itens encontrados:","timestamp":"2024-09-19T14:23:20.527Z"}
{"level":"info","message":"Conectado ao servidor MongoDB","timestamp":"2024-09-19T14:24:18.867Z"}
{"level":"info","message":"Item atualizado com sucesso.","timestamp":"2024-09-19T14:24:18.874Z"}
{"level":"info","message":"Conectado ao servidor MongoDB","timestamp":"2024-09-19T14:25:19.713Z"}
{"level":"info","message":"Item excluído com sucesso.","timestamp":"2024-09-19T14:25:19.717Z"}
{"level":"info","message":"Servidor rodando na porta 3000","timestamp":"2024-09-19T14:36:29.383Z"}
{"level":"info","message":"Conectado ao servidor MongoDB","timestamp":"2024-09-19T14:37:15.619Z"}
{"0":{"_id":"66eb6836cb6290719784db6a","date":"2024-09-18T23:54:30.484Z","description":"Descrição atualizada","name":"item1","value":150},"1":{"_id":"66eb68a0cb6290719784db6b","date":"2024-09-18T23:56:16.418Z","description":"Descrição do item 1","name":"item1","value":100},"2":{"_id":"66ec2727d662e2a73a57ca5e","date":"2024-09-19T13:29:11.391Z","description":"Descrição do item 1","name":"item1","value":100},"3":{"_id":"66ec2c43189499b36e5b11f9","date":"2024-09-19T13:50:59.278Z","description":"Descrição do item 1","name":"item1","value":100},"4":{"_id":"66ec308ddeffd88a091703ee","date":"2024-09-19T14:09:17.195Z","description":"Descrição do item 1","name":"item1","value":100},"5":{"_id":"66ec33a7deffd88a091703ef","date":"2024-09-19T14:22:31.384Z","description":"Descrição do item 1","name":"item1","value":100},"level":"info","message":"Itens encontrados:","timestamp":"2024-09-19T14:37:15.630Z"}
{"level":"info","message":"Conectado ao servidor MongoDB","timestamp":"2024-09-19T14:38:17.831Z"}
{"buffer":{"data":[102,236,55,89,14,105,40,111,78,64,230,192],"type":"Buffer"},"level":"info","message":"Novo item inserido com o id:","timestamp":"2024-09-19T14:38:17.834Z"}
{"level":"info","message":"Conectado ao servidor MongoDB","timestamp":"2024-09-19T14:39:04.323Z"}
{"level":"info","message":"Conectado ao servidor MongoDB","timestamp":"2024-09-19T14:39:35.560Z"}
{"level":"info","message":"Conectado ao servidor MongoDB","timestamp":"2024-09-19T14:40:09.423Z"}
{"level":"info","message":"Conectado ao servidor MongoDB","timestamp":"2024-09-19T14:42:09.819Z"}
{"level":"info","message":"Conectado ao servidor MongoDB","timestamp":"2024-09-19T14:42:25.449Z"}
{"level":"info","message":"Item atualizado com sucesso.","timestamp":"2024-09-19T14:42:25.451Z"}
{"level":"info","message":"Conectado ao servidor MongoDB","timestamp":"2024-09-19T14:42:55.826Z"}
{"level":"info","message":"Item excluído com sucesso.","timestamp":"2024-09-19T14:42:55.828Z"}
